c:\users\nia kim\downloads\새 폴더\스타듀밸리 맵툴\release\stardew valley.pch
c:\users\nia kim\downloads\새 폴더\스타듀밸리 맵툴\release\vc141.pdb
c:\users\nia kim\downloads\새 폴더\스타듀밸리 맵툴\release\stdafx.obj
c:\users\nia kim\downloads\새 폴더\스타듀밸리 맵툴\release\maptoolscene.obj
c:\users\nia kim\downloads\새 폴더\스타듀밸리 맵툴\release\mainscene.obj
c:\users\nia kim\downloads\새 폴더\스타듀밸리 맵툴\release\maingame.obj
c:\users\nia kim\downloads\새 폴더\스타듀밸리 맵툴\release\loadingscene.obj
c:\users\nia kim\downloads\새 폴더\스타듀밸리 맵툴\release\loading.obj
c:\users\nia kim\downloads\새 폴더\스타듀밸리 맵툴\release\itemmanager.obj
c:\users\nia kim\downloads\새 폴더\스타듀밸리 맵툴\release\inventorycraft.obj
c:\users\nia kim\downloads\새 폴더\스타듀밸리 맵툴\release\inventory.obj
c:\users\nia kim\downloads\새 폴더\스타듀밸리 맵툴\release\input.obj
c:\users\nia kim\downloads\새 폴더\스타듀밸리 맵툴\release\inidata.obj
c:\users\nia kim\downloads\새 폴더\스타듀밸리 맵툴\release\inhousescene.obj
c:\users\nia kim\downloads\새 폴더\스타듀밸리 맵툴\release\ingamescene.obj
c:\users\nia kim\downloads\새 폴더\스타듀밸리 맵툴\release\inbuildingscene.obj
c:\users\nia kim\downloads\새 폴더\스타듀밸리 맵툴\release\imagemanager.obj
c:\users\nia kim\downloads\새 폴더\스타듀밸리 맵툴\release\image.obj
c:\users\nia kim\downloads\새 폴더\스타듀밸리 맵툴\release\gamenode.obj
c:\users\nia kim\downloads\새 폴더\스타듀밸리 맵툴\release\effectmanager.obj
c:\users\nia kim\downloads\새 폴더\스타듀밸리 맵툴\release\cameramanager.obj
c:\users\nia kim\downloads\새 폴더\스타듀밸리 맵툴\release\camera.obj
c:\users\nia kim\downloads\새 폴더\스타듀밸리 맵툴\release\bullet.obj
c:\users\nia kim\downloads\새 폴더\스타듀밸리 맵툴\release\winmain.obj
c:\users\nia kim\downloads\새 폴더\스타듀밸리 맵툴\release\util.obj
c:\users\nia kim\downloads\새 폴더\스타듀밸리 맵툴\release\towerscene.obj
c:\users\nia kim\downloads\새 폴더\스타듀밸리 맵툴\release\timemanager.obj
c:\users\nia kim\downloads\새 폴더\스타듀밸리 맵툴\release\switchscenemanager.obj
c:\users\nia kim\downloads\새 폴더\스타듀밸리 맵툴\release\stock.obj
c:\users\nia kim\downloads\새 폴더\스타듀밸리 맵툴\release\soundmanager.obj
c:\users\nia kim\downloads\새 폴더\스타듀밸리 맵툴\release\skill.obj
c:\users\nia kim\downloads\새 폴더\스타듀밸리 맵툴\release\shopscene.obj
c:\users\nia kim\downloads\새 폴더\스타듀밸리 맵툴\release\shop.obj
c:\users\nia kim\downloads\새 폴더\스타듀밸리 맵툴\release\scenemanager.obj
c:\users\nia kim\downloads\새 폴더\스타듀밸리 맵툴\release\random.obj
c:\users\nia kim\downloads\새 폴더\스타듀밸리 맵툴\release\progressbar.obj
c:\users\nia kim\downloads\새 폴더\스타듀밸리 맵툴\release\playerdata.obj
c:\users\nia kim\downloads\새 폴더\스타듀밸리 맵툴\release\player.obj
c:\users\nia kim\downloads\새 폴더\스타듀밸리 맵툴\release\openingscene.obj
c:\users\nia kim\downloads\새 폴더\스타듀밸리 맵툴\release\npc.obj
c:\users\nia kim\downloads\새 폴더\스타듀밸리 맵툴\release\monster.obj
c:\users\nia kim\downloads\새 폴더\스타듀밸리 맵툴\release\minescene.obj
c:\users\nia kim\downloads\새 폴더\스타듀밸리 맵툴\release\stardew valley.exe
c:\users\nia kim\downloads\새 폴더\스타듀밸리 맵툴\release\stardew valley.pdb
c:\users\nia kim\downloads\새 폴더\스타듀밸리 맵툴\release\gameframework2d.res
c:\users\nia kim\downloads\새 폴더\스타듀밸리 맵툴\release\stardew valley.ipdb
c:\users\nia kim\downloads\새 폴더\스타듀밸리 맵툴\release\stardew valley.iobj
c:\users\nia kim\downloads\새 폴더\스타듀밸리 맵툴\release\stardew valley.tlog\cl.command.1.tlog
c:\users\nia kim\downloads\새 폴더\스타듀밸리 맵툴\release\stardew valley.tlog\cl.read.1.tlog
c:\users\nia kim\downloads\새 폴더\스타듀밸리 맵툴\release\stardew valley.tlog\cl.write.1.tlog
c:\users\nia kim\downloads\새 폴더\스타듀밸리 맵툴\release\stardew valley.tlog\link.command.1.tlog
c:\users\nia kim\downloads\새 폴더\스타듀밸리 맵툴\release\stardew valley.tlog\link.read.1.tlog
c:\users\nia kim\downloads\새 폴더\스타듀밸리 맵툴\release\stardew valley.tlog\link.write.1.tlog
c:\users\nia kim\downloads\새 폴더\스타듀밸리 맵툴\release\stardew valley.tlog\rc.command.1.tlog
c:\users\nia kim\downloads\새 폴더\스타듀밸리 맵툴\release\stardew valley.tlog\rc.read.1.tlog
c:\users\nia kim\downloads\새 폴더\스타듀밸리 맵툴\release\stardew valley.tlog\rc.write.1.tlog
c:\users\nia kim\downloads\새 폴더\스타듀밸리 맵툴\release\stardew valley.tlog\stardew valley.write.1u.tlog
