C:\Program Files (x86)\Microsoft Visual Studio\2017\Community\Common7\IDE\VC\VCTargets\Microsoft.CppBuild.targets(391,5): warning MSB8028: 중간 디렉터리(Release\)에 다른 프로젝트(GameFramework2D.vcxproj)에서 공유하는 파일이 포함되어 있습니다.  이로 인해 잘못된 정리 및 다시 빌드 동작이 수행될 수 있습니다.
  mineScene.cpp
c:\users\program\desktop\stardew valley\스타듀밸리 맵툴\monster.h(118): warning C4244: '인수': 'float'에서 'int'(으)로 변환하면서 데이터가 손실될 수 있습니다.
c:\users\program\desktop\stardew valley\스타듀밸리 맵툴\monster.h(122): warning C4244: 'return': 'float'에서 'int'(으)로 변환하면서 데이터가 손실될 수 있습니다.
c:\users\program\desktop\stardew valley\스타듀밸리 맵툴\minescene.cpp(17): warning C4244: '인수': 'float'에서 'int'(으)로 변환하면서 데이터가 손실될 수 있습니다.
c:\users\program\desktop\stardew valley\스타듀밸리 맵툴\minescene.cpp(60): warning C4244: '=': 'float'에서 'int'(으)로 변환하면서 데이터가 손실될 수 있습니다.
c:\users\program\desktop\stardew valley\스타듀밸리 맵툴\minescene.cpp(61): warning C4244: '=': 'float'에서 'int'(으)로 변환하면서 데이터가 손실될 수 있습니다.
c:\users\program\desktop\stardew valley\스타듀밸리 맵툴\minescene.cpp(66): warning C4018: '<': signed 또는 unsigned가 일치하지 않습니다.
c:\users\program\desktop\stardew valley\스타듀밸리 맵툴\minescene.cpp(84): warning C4018: '<': signed 또는 unsigned가 일치하지 않습니다.
c:\users\program\desktop\stardew valley\스타듀밸리 맵툴\minescene.cpp(134): warning C4244: '인수': 'float'에서 'int'(으)로 변환하면서 데이터가 손실될 수 있습니다.
c:\users\program\desktop\stardew valley\스타듀밸리 맵툴\minescene.cpp(149): warning C4018: '<': signed 또는 unsigned가 일치하지 않습니다.
c:\users\program\desktop\stardew valley\스타듀밸리 맵툴\minescene.cpp(196): warning C4244: '초기화 중': 'float'에서 'int'(으)로 변환하면서 데이터가 손실될 수 있습니다.
c:\users\program\desktop\stardew valley\스타듀밸리 맵툴\minescene.cpp(198): warning C4244: '초기화 중': 'float'에서 'int'(으)로 변환하면서 데이터가 손실될 수 있습니다.
c:\users\program\desktop\stardew valley\스타듀밸리 맵툴\minescene.cpp(214): warning C4244: '초기화 중': 'float'에서 'int'(으)로 변환하면서 데이터가 손실될 수 있습니다.
c:\users\program\desktop\stardew valley\스타듀밸리 맵툴\minescene.cpp(237): warning C4244: '초기화 중': 'float'에서 'int'(으)로 변환하면서 데이터가 손실될 수 있습니다.
c:\users\program\desktop\stardew valley\스타듀밸리 맵툴\minescene.cpp(239): warning C4244: '초기화 중': 'float'에서 'int'(으)로 변환하면서 데이터가 손실될 수 있습니다.
c:\users\program\desktop\stardew valley\스타듀밸리 맵툴\minescene.cpp(273): warning C4244: '=': 'float'에서 'int'(으)로 변환하면서 데이터가 손실될 수 있습니다.
c:\users\program\desktop\stardew valley\스타듀밸리 맵툴\minescene.cpp(274): warning C4244: '=': 'float'에서 'int'(으)로 변환하면서 데이터가 손실될 수 있습니다.
c:\users\program\desktop\stardew valley\스타듀밸리 맵툴\minescene.cpp(307): warning C4244: '=': 'float'에서 'int'(으)로 변환하면서 데이터가 손실될 수 있습니다.
c:\users\program\desktop\stardew valley\스타듀밸리 맵툴\minescene.cpp(308): warning C4244: '=': 'float'에서 'int'(으)로 변환하면서 데이터가 손실될 수 있습니다.
c:\users\program\desktop\stardew valley\스타듀밸리 맵툴\minescene.cpp(336): warning C4244: '=': 'float'에서 'int'(으)로 변환하면서 데이터가 손실될 수 있습니다.
c:\users\program\desktop\stardew valley\스타듀밸리 맵툴\minescene.cpp(337): warning C4244: '=': 'float'에서 'int'(으)로 변환하면서 데이터가 손실될 수 있습니다.
c:\users\program\desktop\stardew valley\스타듀밸리 맵툴\minescene.cpp(365): warning C4244: '=': 'float'에서 'int'(으)로 변환하면서 데이터가 손실될 수 있습니다.
c:\users\program\desktop\stardew valley\스타듀밸리 맵툴\minescene.cpp(366): warning C4244: '=': 'float'에서 'int'(으)로 변환하면서 데이터가 손실될 수 있습니다.
c:\users\program\desktop\stardew valley\스타듀밸리 맵툴\minescene.cpp(411): warning C4244: '=': 'float'에서 'int'(으)로 변환하면서 데이터가 손실될 수 있습니다.
c:\users\program\desktop\stardew valley\스타듀밸리 맵툴\minescene.cpp(412): warning C4244: '=': 'float'에서 'int'(으)로 변환하면서 데이터가 손실될 수 있습니다.
c:\users\program\desktop\stardew valley\스타듀밸리 맵툴\minescene.cpp(667): warning C4244: '인수': 'float'에서 'int'(으)로 변환하면서 데이터가 손실될 수 있습니다.
c:\users\program\desktop\stardew valley\스타듀밸리 맵툴\minescene.cpp(670): warning C4244: '인수': 'float'에서 'int'(으)로 변환하면서 데이터가 손실될 수 있습니다.
c:\users\program\desktop\stardew valley\스타듀밸리 맵툴\minescene.cpp(673): warning C4244: '인수': 'float'에서 'int'(으)로 변환하면서 데이터가 손실될 수 있습니다.
c:\users\program\desktop\stardew valley\스타듀밸리 맵툴\minescene.cpp(676): warning C4244: '인수': 'float'에서 'int'(으)로 변환하면서 데이터가 손실될 수 있습니다.
c:\users\program\desktop\stardew valley\스타듀밸리 맵툴\minescene.cpp(679): warning C4244: '초기화 중': 'float'에서 'int'(으)로 변환하면서 데이터가 손실될 수 있습니다.
c:\users\program\desktop\stardew valley\스타듀밸리 맵툴\minescene.cpp(681): warning C4244: '초기화 중': 'float'에서 'int'(으)로 변환하면서 데이터가 손실될 수 있습니다.
c:\users\program\desktop\stardew valley\스타듀밸리 맵툴\minescene.cpp(840): warning C4244: '인수': 'float'에서 'int'(으)로 변환하면서 데이터가 손실될 수 있습니다.
c:\users\program\desktop\stardew valley\스타듀밸리 맵툴\minescene.cpp(841): warning C4018: '<': signed 또는 unsigned가 일치하지 않습니다.
c:\users\program\desktop\stardew valley\스타듀밸리 맵툴\minescene.cpp(848): warning C4244: '인수': 'float'에서 'int'(으)로 변환하면서 데이터가 손실될 수 있습니다.
c:\users\program\desktop\stardew valley\스타듀밸리 맵툴\minescene.cpp(864): warning C4244: '인수': 'float'에서 'int'(으)로 변환하면서 데이터가 손실될 수 있습니다.
c:\users\program\desktop\stardew valley\스타듀밸리 맵툴\minescene.cpp(868): warning C4244: '인수': 'float'에서 'int'(으)로 변환하면서 데이터가 손실될 수 있습니다.
c:\users\program\desktop\stardew valley\스타듀밸리 맵툴\minescene.cpp(904): warning C4244: '인수': 'float'에서 'int'(으)로 변환하면서 데이터가 손실될 수 있습니다.
c:\users\program\desktop\stardew valley\스타듀밸리 맵툴\minescene.cpp(945): warning C4018: '<': signed 또는 unsigned가 일치하지 않습니다.
c:\users\program\desktop\stardew valley\스타듀밸리 맵툴\minescene.cpp(944): warning C4101: 'y' :참조되지 않은 지역 변수입니다.
c:\users\program\desktop\stardew valley\스타듀밸리 맵툴\minescene.cpp(944): warning C4101: 'x' :참조되지 않은 지역 변수입니다.
c:\users\program\desktop\stardew valley\스타듀밸리 맵툴\minescene.cpp(1075): warning C4244: '=': 'LONG'에서 'float'(으)로 변환하면서 데이터가 손실될 수 있습니다.
c:\users\program\desktop\stardew valley\스타듀밸리 맵툴\minescene.cpp(1078): warning C4244: '=': 'LONG'에서 'float'(으)로 변환하면서 데이터가 손실될 수 있습니다.
  코드를 생성하고 있습니다.
  4 of 2043 functions ( 0.2%) were compiled, the rest were copied from previous compilation.
    1 functions were new in current compilation
    2 functions had inline decision re-evaluated but remain unchanged
  코드를 생성했습니다.
  WindowAPI.vcxproj -> C:\Users\Program\Desktop\Stardew Valley\스타듀밸리 맵툴\Release\Stardew Valley.exe
